f:\testcocos\csb2csdwin\lualib\debug\vc120.pdb
f:\testcocos\csb2csdwin\lualib\debug\vc120.idb
f:\testcocos\csb2csdwin\lualib\debug\linit.obj
f:\testcocos\csb2csdwin\lualib\debug\liolib.obj
f:\testcocos\csb2csdwin\lualib\debug\llex.obj
f:\testcocos\csb2csdwin\lualib\debug\lmathlib.obj
f:\testcocos\csb2csdwin\lualib\debug\lmem.obj
f:\testcocos\csb2csdwin\lualib\debug\loadlib.obj
f:\testcocos\csb2csdwin\lualib\debug\lobject.obj
f:\testcocos\csb2csdwin\lualib\debug\lopcodes.obj
f:\testcocos\csb2csdwin\lualib\debug\loslib.obj
f:\testcocos\csb2csdwin\lualib\debug\lparser.obj
f:\testcocos\csb2csdwin\lualib\debug\lstate.obj
f:\testcocos\csb2csdwin\lualib\debug\lstring.obj
f:\testcocos\csb2csdwin\lualib\debug\lstrlib.obj
f:\testcocos\csb2csdwin\lualib\debug\ltable.obj
f:\testcocos\csb2csdwin\lualib\debug\ltablib.obj
f:\testcocos\csb2csdwin\lualib\debug\ltm.obj
f:\testcocos\csb2csdwin\lualib\debug\lundump.obj
f:\testcocos\csb2csdwin\lualib\debug\lutf8lib.obj
f:\testcocos\csb2csdwin\lualib\debug\lvm.obj
f:\testcocos\csb2csdwin\lualib\debug\lzio.obj
f:\testcocos\csb2csdwin\lualib\debug\lapi.obj
f:\testcocos\csb2csdwin\lualib\debug\lauxlib.obj
f:\testcocos\csb2csdwin\lualib\debug\lbaselib.obj
f:\testcocos\csb2csdwin\lualib\debug\lbitlib.obj
f:\testcocos\csb2csdwin\lualib\debug\lcode.obj
f:\testcocos\csb2csdwin\lualib\debug\lcorolib.obj
f:\testcocos\csb2csdwin\lualib\debug\lctype.obj
f:\testcocos\csb2csdwin\lualib\debug\ldblib.obj
f:\testcocos\csb2csdwin\lualib\debug\ldebug.obj
f:\testcocos\csb2csdwin\lualib\debug\ldo.obj
f:\testcocos\csb2csdwin\lualib\debug\ldump.obj
f:\testcocos\csb2csdwin\lualib\debug\lfunc.obj
f:\testcocos\csb2csdwin\lualib\debug\lgc.obj
f:\testcocos\csb2csdwin\lualib\debug\buflib.obj
f:\testcocos\csb2csdwin\lualib\debug\lfs.obj
f:\testcocos\csb2csdwin\debug\lualib.lib
f:\testcocos\csb2csdwin\lualib\debug\lualib.tlog\cl.command.1.tlog
f:\testcocos\csb2csdwin\lualib\debug\lualib.tlog\cl.read.1.tlog
f:\testcocos\csb2csdwin\lualib\debug\lualib.tlog\cl.write.1.tlog
f:\testcocos\csb2csdwin\lualib\debug\lualib.tlog\lib-link.write.1.tlog
f:\testcocos\csb2csdwin\lualib\debug\lualib.tlog\lib.command.1.tlog
f:\testcocos\csb2csdwin\lualib\debug\lualib.tlog\lib.read.1.tlog
