f:\testcocos\csb2csdwin\csb2csdwin\debug\vc120.pdb
f:\testcocos\csb2csdwin\csb2csdwin\debug\vc120.idb
f:\testcocos\csb2csdwin\csb2csdwin\debug\linit.obj
f:\testcocos\csb2csdwin\csb2csdwin\debug\liolib.obj
f:\testcocos\csb2csdwin\csb2csdwin\debug\llex.obj
f:\testcocos\csb2csdwin\csb2csdwin\debug\lmathlib.obj
f:\testcocos\csb2csdwin\csb2csdwin\debug\lmem.obj
f:\testcocos\csb2csdwin\csb2csdwin\debug\loadlib.obj
f:\testcocos\csb2csdwin\csb2csdwin\debug\lobject.obj
f:\testcocos\csb2csdwin\csb2csdwin\debug\lopcodes.obj
f:\testcocos\csb2csdwin\csb2csdwin\debug\loslib.obj
f:\testcocos\csb2csdwin\csb2csdwin\debug\lparser.obj
f:\testcocos\csb2csdwin\csb2csdwin\debug\lstate.obj
f:\testcocos\csb2csdwin\csb2csdwin\debug\lstring.obj
f:\testcocos\csb2csdwin\csb2csdwin\debug\lstrlib.obj
f:\testcocos\csb2csdwin\csb2csdwin\debug\ltable.obj
f:\testcocos\csb2csdwin\csb2csdwin\debug\ltablib.obj
f:\testcocos\csb2csdwin\csb2csdwin\debug\ltm.obj
f:\testcocos\csb2csdwin\csb2csdwin\debug\lundump.obj
f:\testcocos\csb2csdwin\csb2csdwin\debug\lutf8lib.obj
f:\testcocos\csb2csdwin\csb2csdwin\debug\lvm.obj
f:\testcocos\csb2csdwin\csb2csdwin\debug\lzio.obj
f:\testcocos\csb2csdwin\csb2csdwin\debug\buflib.obj
f:\testcocos\csb2csdwin\csb2csdwin\debug\lapi.obj
f:\testcocos\csb2csdwin\csb2csdwin\debug\lauxlib.obj
f:\testcocos\csb2csdwin\csb2csdwin\debug\lbaselib.obj
f:\testcocos\csb2csdwin\csb2csdwin\debug\lbitlib.obj
f:\testcocos\csb2csdwin\csb2csdwin\debug\lcode.obj
f:\testcocos\csb2csdwin\csb2csdwin\debug\lcorolib.obj
f:\testcocos\csb2csdwin\csb2csdwin\debug\lctype.obj
f:\testcocos\csb2csdwin\csb2csdwin\debug\ldblib.obj
f:\testcocos\csb2csdwin\csb2csdwin\debug\ldebug.obj
f:\testcocos\csb2csdwin\csb2csdwin\debug\ldo.obj
f:\testcocos\csb2csdwin\csb2csdwin\debug\ldump.obj
f:\testcocos\csb2csdwin\csb2csdwin\debug\lfunc.obj
f:\testcocos\csb2csdwin\csb2csdwin\debug\lgc.obj
f:\testcocos\csb2csdwin\csb2csdwin\debug\csb2csd.obj
f:\testcocos\csb2csdwin\debug\csb2csdwin.lib
f:\testcocos\csb2csdwin\debug\csb2csdwin.exp
f:\testcocos\csb2csdwin\debug\csb2csdwin.ilk
f:\testcocos\csb2csdwin\debug\csb2csdwin.exe
f:\testcocos\csb2csdwin\debug\csb2csdwin.pdb
f:\testcocos\csb2csdwin\csb2csdwin\debug\csb2csdwin.vcxprojresolveassemblyreference.cache
f:\testcocos\csb2csdwin\csb2csdwin\debug\csb2csdwin.tlog\cl.command.1.tlog
f:\testcocos\csb2csdwin\csb2csdwin\debug\csb2csdwin.tlog\cl.read.1.tlog
f:\testcocos\csb2csdwin\csb2csdwin\debug\csb2csdwin.tlog\cl.write.1.tlog
f:\testcocos\csb2csdwin\csb2csdwin\debug\csb2csdwin.tlog\csb2csdwin.write.1u.tlog
f:\testcocos\csb2csdwin\csb2csdwin\debug\csb2csdwin.tlog\link.command.1.tlog
f:\testcocos\csb2csdwin\csb2csdwin\debug\csb2csdwin.tlog\link.read.1.tlog
f:\testcocos\csb2csdwin\csb2csdwin\debug\csb2csdwin.tlog\link.write.1.tlog
